<?xml version="1.0" encoding="UTF-8"?>
<testsuite xmlns:xsi="http://www.w3.org/2001/XMLSchema-instance" xsi:noNamespaceSchemaLocation="https://maven.apache.org/surefire/maven-surefire-plugin/xsd/surefire-test-report-3.0.xsd" version="3.0" name="com.accenture.configserver.ConfigserverApplicationTests" time="27.824" tests="1" errors="0" skipped="0" failures="0">
  <properties>
[...]
</properties>
  <testcase name="contextLoads" classname="com.accenture.configserver.ConfigserverApplicationTests" time="3.403">
    <system-out><![CDATA[17:30:02.470 [main] INFO org.springframework.test.context.support.AnnotationConfigContextLoaderUtils -- Could not detect default configuration classes for test class [com.accenture.configserver.ConfigserverApplicationTests]: ConfigserverApplicationTests does not declare any static, non-private, non-final, nested classes annotated with @Configuration.
17:30:02.889 [main] INFO org.springframework.boot.test.context.SpringBootTestContextBootstrapper -- Found @SpringBootConfiguration com.accenture.configserver.ConfigserverApplication for test class com.accenture.configserver.ConfigserverApplicationTests

  .   ____          _            __ _ _
 /\\ / ___'_ __ _ _(_)_ __  __ _ \ \ \ \
( ( )\___ | '_ | '_| | '_ \/ _` | \ \ \ \
 \\/  ___)| |_)| | | | | || (_| |  ) ) ) )
  '  |____| .__|_| |_|_| |_\__, | / / / /
 =========|_|==============|___/=/_/_/_/

 :: Spring Boot ::                (v3.3.1)

2024-07-24T17:30:05.255-05:00  WARN 13200 --- [configserver] [           main] ory$DuplicateJsonObjectContextCustomizer : 

Found multiple occurrences of org.json.JSONObject on the class path:

	jar:file:/C:/Users/daniel.a.rojas/.m2/repository/org/json/json/20240303/json-20240303.jar!/org/json/JSONObject.class
	jar:file:/C:/Users/daniel.a.rojas/.m2/repository/com/vaadin/external/google/android-json/0.0.20131108.vaadin1/android-json-0.0.20131108.vaadin1.jar!/org/json/JSONObject.class

You may wish to exclude one of them to ensure predictable runtime behavior

2024-07-24T17:30:05.336-05:00  INFO 13200 --- [configserver] [           main] c.a.c.ConfigserverApplicationTests       : Starting ConfigserverApplicationTests using Java 17.0.11 with PID 13200 (started by daniel.a.rojas in C:\Users\daniel.a.rojas\OneDrive - Accenture\Documents\My-bank\configserver)
2024-07-24T17:30:05.337-05:00  INFO 13200 --- [configserver] [           main] c.a.c.ConfigserverApplicationTests       : The following 1 profile is active: "git"
2024-07-24T17:30:09.789-05:00  INFO 13200 --- [configserver] [           main] faultConfiguringBeanFactoryPostProcessor : No bean named 'errorChannel' has been explicitly defined. Therefore, a default PublishSubscribeChannel will be created.
2024-07-24T17:30:09.820-05:00  INFO 13200 --- [configserver] [           main] faultConfiguringBeanFactoryPostProcessor : No bean named 'integrationHeaderChannelRegistry' has been explicitly defined. Therefore, a default DefaultHeaderChannelRegistry will be created.
2024-07-24T17:30:10.251-05:00  INFO 13200 --- [configserver] [           main] o.s.cloud.context.scope.GenericScope     : BeanFactory id=6f4efeab-0646-332d-9b54-3ae1db0a2953
2024-07-24T17:30:23.808-05:00  INFO 13200 --- [configserver] [           main] o.s.c.s.m.DirectWithAttributesChannel    : Channel 'configserver.springCloudBusInput' has 1 subscriber(s).
2024-07-24T17:30:24.781-05:00  INFO 13200 --- [configserver] [           main] o.s.b.a.e.web.EndpointLinksResolver      : Exposing 22 endpoints beneath base path '/actuator'
2024-07-24T17:30:25.016-05:00  INFO 13200 --- [configserver] [           main] o.s.i.endpoint.EventDrivenConsumer       : Adding {logging-channel-adapter:_org.springframework.integration.errorLogger} as a subscriber to the 'errorChannel' channel
2024-07-24T17:30:25.017-05:00  INFO 13200 --- [configserver] [           main] o.s.i.channel.PublishSubscribeChannel    : Channel 'configserver.errorChannel' has 1 subscriber(s).
2024-07-24T17:30:25.019-05:00  INFO 13200 --- [configserver] [           main] o.s.i.endpoint.EventDrivenConsumer       : started bean '_org.springframework.integration.errorLogger'
2024-07-24T17:30:25.173-05:00  INFO 13200 --- [configserver] [           main] o.s.c.s.binder.DefaultBinderFactory      : Creating binder: rabbit
2024-07-24T17:30:25.174-05:00  INFO 13200 --- [configserver] [           main] o.s.c.s.binder.DefaultBinderFactory      : Constructing binder child context for rabbit
2024-07-24T17:30:25.475-05:00  INFO 13200 --- [configserver] [           main] o.s.c.s.binder.DefaultBinderFactory      : Caching the binder: rabbit
2024-07-24T17:30:25.596-05:00  INFO 13200 --- [configserver] [           main] c.s.b.r.p.RabbitExchangeQueueProvisioner : declaring queue for inbound: springCloudBus.anonymous.FgdexHNHRz-nahTrTIRu4g, bound to: springCloudBus
2024-07-24T17:30:25.617-05:00  INFO 13200 --- [configserver] [           main] o.s.a.r.c.CachingConnectionFactory       : Attempting to connect to: [localhost:5672]
2024-07-24T17:30:25.643-05:00  INFO 13200 --- [configserver] [           main] o.s.a.r.c.CachingConnectionFactory       : Attempting to connect to: [localhost:5672]
2024-07-24T17:30:25.655-05:00  INFO 13200 --- [configserver] [           main] o.s.a.r.c.CachingConnectionFactory       : Attempting to connect to: [localhost:5672]
2024-07-24T17:30:25.721-05:00  INFO 13200 --- [configserver] [           main] o.s.c.stream.binder.BinderErrorChannel   : Channel 'rabbit-544239216.springCloudBusInput.errors' has 1 subscriber(s).
2024-07-24T17:30:25.724-05:00  INFO 13200 --- [configserver] [           main] o.s.c.stream.binder.BinderErrorChannel   : Channel 'rabbit-544239216.springCloudBusInput.errors' has 2 subscriber(s).
2024-07-24T17:30:25.731-05:00  INFO 13200 --- [configserver] [           main] o.s.a.r.c.CachingConnectionFactory       : Attempting to connect to: [localhost:5672]
2024-07-24T17:30:25.735-05:00  INFO 13200 --- [configserver] [           main] o.s.a.r.l.SimpleMessageListenerContainer : Broker not available; cannot force queue declarations during start: java.net.ConnectException: Connection refused: no further information
2024-07-24T17:30:25.784-05:00  INFO 13200 --- [configserver] [z-nahTrTIRu4g-1] o.s.a.r.c.CachingConnectionFactory       : Attempting to connect to: [localhost:5672]
2024-07-24T17:30:25.804-05:00  INFO 13200 --- [configserver] [           main] o.s.i.a.i.AmqpInboundChannelAdapter      : started bean 'inbound.springCloudBus.anonymous.FgdexHNHRz-nahTrTIRu4g'
2024-07-24T17:30:25.922-05:00  INFO 13200 --- [configserver] [           main] c.a.c.ConfigserverApplicationTests       : Started ConfigserverApplicationTests in 22.346 seconds (process running for 26.37)
]]></system-out>
  </testcase>
</testsuite>